c:\users\yaniv\source\repos\exercise_3\moed_bet_inn\moed_bet_inn\debug\vc141.pdb
c:\users\yaniv\source\repos\exercise_3\moed_bet_inn\moed_bet_inn\debug\vc141.idb
c:\users\yaniv\source\repos\exercise_3\moed_bet_inn\moed_bet_inn\debug\main.obj
c:\users\yaniv\source\repos\exercise_3\moed_bet_inn\moed_bet_inn\debug\hotel_manager.obj
c:\users\yaniv\source\repos\exercise_3\moed_bet_inn\moed_bet_inn\debug\extract_guests_and_room_list.obj
c:\users\yaniv\source\repos\exercise_3\moed_bet_inn - copy\moed_bet_inn\debug\vc141.pdb
c:\users\yaniv\source\repos\exercise_3\moed_bet_inn - copy\moed_bet_inn\debug\vc141.idb
c:\users\yaniv\source\repos\exercise_3\moed_bet_inn - copy\moed_bet_inn\debug\main.obj
c:\users\yaniv\source\repos\exercise_3\moed_bet_inn - copy\moed_bet_inn\debug\hotel_manager.obj
c:\users\yaniv\source\repos\exercise_3\moed_bet_inn - copy\moed_bet_inn\debug\extract_guests_and_room_list.obj
c:\users\yaniv\source\repos\exercise_3\moed_bet_inn\debug\moed_bet_inn.exe
c:\users\yaniv\source\repos\exercise_3\moed_bet_inn\debug\moed_bet_inn.ilk
c:\users\yaniv\source\repos\exercise_3\moed_bet_inn\debug\moed_bet_inn.pdb
c:\users\yaniv\source\repos\exercise_3\moed_bet_inn - copy\debug\moed_bet_inn.exe
c:\users\yaniv\source\repos\exercise_3\moed_bet_inn - copy\debug\moed_bet_inn.ilk
c:\users\yaniv\source\repos\exercise_3\moed_bet_inn - copy\debug\moed_bet_inn.pdb
c:\users\yaniv\source\repos\exercise_3\moed_bet_inn - copy\moed_bet_inn\debug\moed_bet_inn.tlog\cl.command.1.tlog
c:\users\yaniv\source\repos\exercise_3\moed_bet_inn - copy\moed_bet_inn\debug\moed_bet_inn.tlog\cl.read.1.tlog
c:\users\yaniv\source\repos\exercise_3\moed_bet_inn - copy\moed_bet_inn\debug\moed_bet_inn.tlog\cl.write.1.tlog
c:\users\yaniv\source\repos\exercise_3\moed_bet_inn - copy\moed_bet_inn\debug\moed_bet_inn.tlog\link.command.1.tlog
c:\users\yaniv\source\repos\exercise_3\moed_bet_inn - copy\moed_bet_inn\debug\moed_bet_inn.tlog\link.read.1.tlog
c:\users\yaniv\source\repos\exercise_3\moed_bet_inn - copy\moed_bet_inn\debug\moed_bet_inn.tlog\link.write.1.tlog
